<?xml version="1.0" encoding="UTF-8"?>
<coverage generated="1362336008">
  <project timestamp="1362336008">
    <package name="XulonPress">
      <file name="/Library/WebServer/Documents/example_project/src/XulonPress/ChangeText.php">
        <class name="ChangeText" namespace="XulonPress">
          <metrics methods="2" coveredmethods="2" conditionals="0" coveredconditionals="0" statements="6" coveredstatements="6" elements="8" coveredelements="8"/>
        </class>
        <line num="19" type="method" name="__construct" crap="1" count="1"/>
        <line num="21" type="stmt" count="1"/>
        <line num="22" type="stmt" count="1"/>
        <line num="23" type="stmt" count="1"/>
        <line num="31" type="method" name="change" crap="2" count="2"/>
        <line num="33" type="stmt" count="2"/>
        <line num="34" type="stmt" count="1"/>
        <line num="36" type="stmt" count="1"/>
        <line num="39" type="stmt" count="0"/>
        <metrics loc="38" ncloc="22" classes="1" methods="2" coveredmethods="2" conditionals="0" coveredconditionals="0" statements="6" coveredstatements="6" elements="8" coveredelements="8"/>
      </file>
      <file name="/Library/WebServer/Documents/example_project/src/XulonPress/Exceptions.php">
        <class name="ExampleProjectException" namespace="XulonPress">
          <metrics methods="0" coveredmethods="0" conditionals="0" coveredconditionals="0" statements="0" coveredstatements="0" elements="0" coveredelements="0"/>
        </class>
        <class name="ChangeTextException" namespace="XulonPress">
          <metrics methods="0" coveredmethods="0" conditionals="0" coveredconditionals="0" statements="0" coveredstatements="0" elements="0" coveredelements="0"/>
        </class>
        <line num="21" type="stmt" count="0"/>
        <metrics loc="20" ncloc="13" classes="2" methods="0" coveredmethods="0" conditionals="0" coveredconditionals="0" statements="0" coveredstatements="0" elements="0" coveredelements="0"/>
      </file>
    </package>
    <metrics files="2" loc="58" ncloc="35" classes="3" methods="2" coveredmethods="2" conditionals="0" coveredconditionals="0" statements="6" coveredstatements="6" elements="8" coveredelements="8"/>
  </project>
</coverage>
